<?xml version="1.0" encoding="UTF-8"?><testsuite errors="1" failures="0" name="User Service API Consumption" skipped="1" tests="3" time="4.49" timestamp="2024-03-12 05:16:51"><testcase name="Mensajes exitoso del servicio de consulta valoracion"><error type="java.lang.NullPointerException"/><system-err>null
Tasks.ResponseSuccessLogin.performAs(RespuestaExitosalogin.java:22)
stepdefinitions.UserServiceStepDefinition.elUsuarioDeberáVerRespuestaExitosaDeConsultaValoracion(ServiceUser.java:36)
io.cucumber.java.Invoker.doInvoke(Invoker.java:66)
io.cucumber.java.Invoker.invoke(Invoker.java:24)
io.cucumber.java.AbstractGlueDefinition.invokeMethod(AbstractGlueDefinition.java:47)
io.cucumber.java.JavaStepDefinition.execute(JavaStepDefinition.java:29)
io.cucumber.core.runner.CoreStepDefinition.execute(CoreStepDefinition.java:66)
io.cucumber.core.runner.PickleStepDefinitionMatch.runStep(PickleStepDefinitionMatch.java:63)
io.cucumber.core.runner.TestStep.executeStep(TestStep.java:92)
io.cucumber.core.runner.TestStep.run(TestStep.java:64)
io.cucumber.core.runner.PickleStepTestStep.run(PickleStepTestStep.java:51)
io.cucumber.core.runner.TestCase.run(TestCase.java:104)
io.cucumber.core.runner.Runner.runPickle(Runner.java:71)
io.cucumber.junit.FeatureRunner.runChild(FeatureRunner.java:135)
io.cucumber.junit.FeatureRunner.runChild(FeatureRunner.java:27)
io.cucumber.junit.CucumberSerenityRunner.runChild(CucumberSerenityRunner.java:234)
io.cucumber.junit.CucumberSerenityRunner.runChild(CucumberSerenityRunner.java:57)
worker.org.gradle.process.internal.worker.GradleWorkerMain.run(GradleWorkerMain.java:69)
worker.org.gradle.process.internal.worker.GradleWorkerMain.main(GradleWorkerMain.java:74)
</system-err></testcase><testcase name="Successful message from the create user service"/><testcase name="Get user by user name Success Message"><skipped/></testcase></testsuite>